Loaded creds from /Users/billjula/postgame/hub/.env.local
  client_id     ← GOOGLE_CLIENT_ID
  client_secret ← GOOGLE_CLIENT_SECRET
  refresh_token ← GOOGLE_REFRESH_TOKEN

Walking 24 folders for campaign: adidas AlphaBoost

  ✓ Got access token

  ✓ Brynn Williams               4 files
  ✓ Myles Crawley                11 files
  ✓ DALAYAH DANIELS              8 files
  ✓ Naomi Cabello                8 files
  ✓ Kailin Newsome               16 files
  ✓ Josh Jones                   13 files
  ✓ ELLE LADINE                  5 files
  ✓ Cameron Lendhardt            14 files
  ✓ Camryn Turner                9 files
  ✓ Adriana Pratt                13 files
  ✓ Brylan Lanier                16 files
  ✓ Elena Scott                  29 files
  ✓ Tahj Brooks                  16 files
  ✓ Justice Ellison              23 files
  ✓ Clayton PowellLee            14 files
  ✓ Gisselle Kozarski            18 files
  ✓ Camryn Haworth               11 files
  ✓ Carolyn Calzada              8 files
  ✓ Mark Fletcher                25 files
  ✓ DeAndra Pierce               16 files
  ✓ Taurean York                 15 files
  ✓ Sarah Weber                  34 files
  ✓ Jordan Waters                23 files
  ✓ Estella Zatechka             21 files

Summary:
  Athletes walked:  24
  Total files:      370
  Empty folders:    0
  Failed folders:   0

JSON written to stdout. Use `> filename.json` to save it.

